2018-11-24 14:48:05.773495: I tensorflow/stream_executor/cuda/cuda_gpu_executor.cc:897] successful NUMA node read from SysFS had negative value (-1), but there must be at least one NUMA node, so returning NUMA node zero
2018-11-24 14:48:05.773946: I tensorflow/core/common_runtime/gpu/gpu_device.cc:1392] Found device 0 with properties: 
name: Tesla K80 major: 3 minor: 7 memoryClockRate(GHz): 0.8235
pciBusID: 0000:00:04.0
totalMemory: 11.17GiB freeMemory: 11.09GiB
2018-11-24 14:48:05.773973: I tensorflow/core/common_runtime/gpu/gpu_device.cc:1471] Adding visible gpu devices: 0
2018-11-24 14:48:20.818144: I tensorflow/core/common_runtime/gpu/gpu_device.cc:952] Device interconnect StreamExecutor with strength 1 edge matrix:
2018-11-24 14:48:20.818200: I tensorflow/core/common_runtime/gpu/gpu_device.cc:958]      0 
2018-11-24 14:48:20.818213: I tensorflow/core/common_runtime/gpu/gpu_device.cc:971] 0:   N 
2018-11-24 14:48:20.818522: I tensorflow/core/common_runtime/gpu/gpu_device.cc:1084] Created TensorFlow device (/job:localhost/replica:0/task:0/device:GPU:0 with 10747 MB memory) -> physical GPU (device: 0, name: Tesla K80, pci bus id: 0000:00:04.0, compute capability: 3.7)
2018-11-24 14:48:21.862581: I tensorflow/core/kernels/cuda_solvers.cc:159] Creating CudaSolver handles for stream 0x5580f09ebc90
TensorBoard 1.9.0 at http://instance-1:6006 (Press CTRL+C to quit)
Current file is: 0
__________________________________________________________________________________________________
Layer (type)                    Output Shape         Param #     Connected to                     
==================================================================================================
input_2 (InputLayer)            (None, 5)            0                                            
__________________________________________________________________________________________________
input_1 (InputLayer)            (None, 20, 1)        0                                            
__________________________________________________________________________________________________
dense_1 (Dense)                 (None, 50)           300         input_2[0][0]                    
__________________________________________________________________________________________________
cu_dnnlstm (CuDNNLSTM)          (None, 20, 100)      41200       input_1[0][0]                    
__________________________________________________________________________________________________
dense_2 (Dense)                 (None, 100)          5100        dense_1[0][0]                    
__________________________________________________________________________________________________
cu_dnnlstm_1 (CuDNNLSTM)        (None, 100)          80800       cu_dnnlstm[0][0]                 
__________________________________________________________________________________________________
embedding_layer (Dense)         (None, 10002)        1010202     dense_2[0][0]                    
__________________________________________________________________________________________________
dense (Dense)                   (None, 10002)        1010202     cu_dnnlstm_1[0][0]               
__________________________________________________________________________________________________
lambda (Lambda)                 (None, 10002)        0           embedding_layer[0][0]            
__________________________________________________________________________________________________
add (Add)                       (None, 10002)        0           dense[0][0]                      
                                                                 lambda[0][0]                     
==================================================================================================
Total params: 2,147,804
Trainable params: 1,137,602
Non-trainable params: 1,010,202
__________________________________________________________________________________________________
Epoch 1/10
Current file is: 1
Current file is: 2
Current file is: 3
Current file is: 4
Current file is: 5
Current file is: 6
Current file is: 7
Current file is: 8
Current file is: 9
Current file is: 10
Current file is: 11
Current file is: 12
Current file is: 13
Current file is: 14
Current file is: 15
Current file is: 16
Current file is: 17
Current file is: 18
Current file is: 19
Current file is: 20
Current file is: 21
Current file is: 22
Current file is: 23
Current file is: 24
Current file is: 25
Current file is: 26
Current file is: 27
Current file is: 28
Current file is: 29
Current file is: 30
Current file is: 31
Current file is: 32
Current file is: 33
Current file is: 34
Current file is: 35
Current file is: 36
Current file is: 37
Current file is: 38
Current file is: 39
Current file is: 40
Current file is: 41
Current file is: 42
Current file is: 43
Current file is: 44
Current file is: 45
Current file is: 46
Current file is: 47
Current file is: 48
Current file is: 49
Current file is: 50
Current file is: 51
Current file is: 52
Current file is: 53
Current file is: 54
Current file is: 55
Current file is: 56
Current file is: 57
Current file is: 58
Current file is: 59
Current file is: 60
Current file is: 61
Current file is: 62
Current file is: 63
Current file is: 64
Current file is: 65
Current file is: 66
Current file is: 67
Current file is: 68
Current file is: 69
Current file is: 70
Current file is: 71
Current file is: 72
Current file is: 73
Current file is: 74
Current file is: 75
Current file is: 76
Current file is: 77
Current file is: 78
Current file is: 79
Current file is: 80
Current file is: 81
Current file is: 82
Current file is: 83
Current file is: 84
Current file is: 85
Current file is: 86
Current file is: 87
Current file is: 88
Current file is: 89
Current file is: 90
Current file is: 91
Current file is: 92
 - 3431s - loss: 10.5891 - acc: 0.0299 - val_loss: 9.4509 - val_acc: 0.0102
Epoch 2/10
Current file is: 93
Current file is: 94
Current file is: 95
Current file is: 96
Current file is: 0
Current file is: 1
Current file is: 2
Current file is: 3
Current file is: 4
Current file is: 5
Current file is: 6
Current file is: 7
Current file is: 8
Current file is: 9
Current file is: 10
Current file is: 11
Current file is: 12
Current file is: 13
Current file is: 14
Current file is: 15
Current file is: 16
Current file is: 17
Current file is: 18
Current file is: 19
Current file is: 20
Current file is: 21
Current file is: 22
Current file is: 23
Current file is: 24
Current file is: 25
Current file is: 26
Current file is: 27
Current file is: 28
Current file is: 29
Current file is: 30
Current file is: 31
Current file is: 32
Current file is: 33
Current file is: 34
Current file is: 35
Current file is: 36
Current file is: 37
Current file is: 38
Current file is: 39
Current file is: 40
Current file is: 41
Current file is: 42
Current file is: 43
Current file is: 44
Current file is: 45
Current file is: 46
Current file is: 47
Current file is: 48
Current file is: 49
Current file is: 50
Current file is: 51
Current file is: 52
Current file is: 53
Current file is: 54
Current file is: 55
Current file is: 56
Current file is: 57
Current file is: 58
Current file is: 59
Current file is: 60
Current file is: 61
Current file is: 62
Current file is: 63
Current file is: 64
Current file is: 65
Current file is: 66
Current file is: 67
Current file is: 68
Current file is: 69
Current file is: 70
Current file is: 71
Current file is: 72
Current file is: 73
Current file is: 74
Current file is: 75
Current file is: 76
Current file is: 77
Current file is: 78
Current file is: 79
Current file is: 80
Current file is: 81
Current file is: 82
Current file is: 83
Current file is: 84
Current file is: 85
Current file is: 86
Current file is: 87
 - 3427s - loss: 10.3427 - acc: 0.0355 - val_loss: 9.4456 - val_acc: 0.0103
Epoch 3/10
Current file is: 88
Current file is: 89
Current file is: 90
Current file is: 91
Current file is: 92
Current file is: 93
Current file is: 94
Current file is: 95
Current file is: 96
Current file is: 0
Current file is: 1
Current file is: 2
Current file is: 3
Current file is: 4
Current file is: 5
Current file is: 6
Current file is: 7
Current file is: 8
Current file is: 9
Current file is: 10
Current file is: 11
Current file is: 12
Current file is: 13
Current file is: 14
Current file is: 15
Current file is: 16
Current file is: 17
Current file is: 18
Current file is: 19
Current file is: 20
Current file is: 21
Current file is: 22
Current file is: 23
Current file is: 24
Current file is: 25
Current file is: 26
Current file is: 27
Current file is: 28
Current file is: 29
Current file is: 30
Current file is: 31
Current file is: 32
Current file is: 33
Current file is: 34
Current file is: 35
Current file is: 36
Current file is: 37
Current file is: 38
Current file is: 39
Current file is: 40
Current file is: 41
Current file is: 42
Current file is: 43
Current file is: 44
Current file is: 45
Current file is: 46
Current file is: 47
Current file is: 48
Current file is: 49
Current file is: 50
Current file is: 51
Current file is: 52
Current file is: 53
Current file is: 54
Current file is: 55
Current file is: 56
Current file is: 57
Current file is: 58
Current file is: 59
Current file is: 60
Current file is: 61
Current file is: 62
Current file is: 63
Current file is: 64
Current file is: 65
Current file is: 66
Current file is: 67
Current file is: 68
Current file is: 69
Current file is: 70
Current file is: 71
Current file is: 72
Current file is: 73
Current file is: 74
Current file is: 75
Current file is: 76
Current file is: 77
Current file is: 78
Current file is: 79
Current file is: 80
Current file is: 81
Current file is: 82
Current file is: 83
 - 3429s - loss: 10.3420 - acc: 0.0355 - val_loss: 9.4273 - val_acc: 0.0102
Epoch 4/10
Current file is: 84
Current file is: 85
Current file is: 86
Current file is: 87
Current file is: 88
Current file is: 89
Current file is: 90
Current file is: 91
Current file is: 92
Current file is: 93
Current file is: 94
Current file is: 95
Current file is: 96
Current file is: 0
Current file is: 1
Current file is: 2
Current file is: 3
Current file is: 4
Current file is: 5
Current file is: 6
Current file is: 7
Current file is: 8
Current file is: 9
Current file is: 10
Current file is: 11
Current file is: 12
Current file is: 13
Current file is: 14
Current file is: 15
Current file is: 16
Current file is: 17
Current file is: 18
Current file is: 19
Current file is: 20
Current file is: 21
Current file is: 22
Current file is: 23
Current file is: 24
Current file is: 25
Current file is: 26
Current file is: 27
Current file is: 28
Current file is: 29
Current file is: 30
Current file is: 31
Current file is: 32
Current file is: 33
Current file is: 34
Current file is: 35
Current file is: 36
Current file is: 37
Current file is: 38
Current file is: 39
Current file is: 40
Current file is: 41
Current file is: 42
Current file is: 43
Current file is: 44
Current file is: 45
Current file is: 46
Current file is: 47
Current file is: 48
Current file is: 49
Current file is: 50
Current file is: 51
Current file is: 52
Current file is: 53
Current file is: 54
Current file is: 55
Current file is: 56
Current file is: 57
Current file is: 58
Current file is: 59
Current file is: 60
Current file is: 61
Current file is: 62
Current file is: 63
Current file is: 64
Current file is: 65
Current file is: 66
Current file is: 67
Current file is: 68
Current file is: 69
Current file is: 70
Current file is: 71
Current file is: 72
Current file is: 73
Current file is: 74
Current file is: 75
Current file is: 76
Current file is: 77
Current file is: 78
 - 3424s - loss: 10.3443 - acc: 0.0355 - val_loss: 9.4367 - val_acc: 0.0101
Epoch 5/10
Current file is: 79
Current file is: 80
Current file is: 81
Current file is: 82
Current file is: 83
Current file is: 84
Current file is: 85
Current file is: 86
Current file is: 87
Current file is: 88
Current file is: 89
Current file is: 90
Current file is: 91
Current file is: 92
Current file is: 93
Current file is: 94
Current file is: 95
Current file is: 96
Current file is: 0
Current file is: 1
Current file is: 2
Current file is: 3
Current file is: 4
Current file is: 5
Current file is: 6
Current file is: 7
Current file is: 8
Current file is: 9
Current file is: 10
Current file is: 11
Current file is: 12
Current file is: 13
Current file is: 14
Current file is: 15
Current file is: 16
Current file is: 17
Current file is: 18
Current file is: 19
Current file is: 20
Current file is: 21
Current file is: 22
Current file is: 23
Current file is: 24
Current file is: 25
Current file is: 26
Current file is: 27
Current file is: 28
Current file is: 29
Current file is: 30
Current file is: 31
Current file is: 32
Current file is: 33
Current file is: 34
Current file is: 35
Current file is: 36
Current file is: 37
Current file is: 38
Current file is: 39
Current file is: 40
Current file is: 41
Current file is: 42
Current file is: 43
Current file is: 44
Current file is: 45
Current file is: 46
Current file is: 47
Current file is: 48
Current file is: 49
Current file is: 50
Current file is: 51
Current file is: 52
Current file is: 53
Current file is: 54
Current file is: 55
Current file is: 56
Current file is: 57
Current file is: 58
Current file is: 59
Current file is: 60
Current file is: 61
Current file is: 62
Current file is: 63
Current file is: 64
Current file is: 65
Current file is: 66
Current file is: 67
Current file is: 68
Current file is: 69
Current file is: 70
Current file is: 71
Current file is: 72
Current file is: 73
 - 3422s - loss: 10.3433 - acc: 0.0355 - val_loss: 9.4624 - val_acc: 0.0104
Epoch 6/10
Current file is: 74
Current file is: 75
Current file is: 76
Current file is: 77
Current file is: 78
Current file is: 79
Current file is: 80
Current file is: 81
Current file is: 82
Current file is: 83
Current file is: 84
Current file is: 85
Current file is: 86
Current file is: 87
Current file is: 88
Current file is: 89
Current file is: 90
Current file is: 91
Current file is: 92
Current file is: 93
Current file is: 94
Current file is: 95
Current file is: 96
Current file is: 0
Current file is: 1
Current file is: 2
Current file is: 3
Current file is: 4
Current file is: 5
Current file is: 6
Current file is: 7
Current file is: 8
Current file is: 9
Current file is: 10
Current file is: 11
Current file is: 12
Current file is: 13
Current file is: 14
Current file is: 15
Current file is: 16
Current file is: 17
Current file is: 18
Current file is: 19
Current file is: 20
Current file is: 21
Current file is: 22
Current file is: 23
Current file is: 24
Current file is: 25
Current file is: 26
Current file is: 27
Current file is: 28
Current file is: 29
Current file is: 30
Current file is: 31
Current file is: 32
Current file is: 33
Current file is: 34
Current file is: 35
Current file is: 36
Current file is: 37
Current file is: 38
Current file is: 39
Current file is: 40
Current file is: 41
Current file is: 42
Current file is: 43
Current file is: 44
Current file is: 45
Current file is: 46
Current file is: 47
Current file is: 48
Current file is: 49
Current file is: 50
Current file is: 51
Current file is: 52
Current file is: 53
Current file is: 54
Current file is: 55
Current file is: 56
Current file is: 57
Current file is: 58
Current file is: 59
Current file is: 60
Current file is: 61
Current file is: 62
Current file is: 63
Current file is: 64
Current file is: 65
Current file is: 66
Current file is: 67
Current file is: 68
Current file is: 69
 - 3429s - loss: 10.3424 - acc: 0.0355 - val_loss: 9.4282 - val_acc: 0.0103
Epoch 7/10
Current file is: 70
Current file is: 71
Current file is: 72
Current file is: 73
Current file is: 74
Current file is: 75
Current file is: 76
Current file is: 77
Current file is: 78
Current file is: 79
Current file is: 80
Current file is: 81
Current file is: 82
Current file is: 83
Current file is: 84
Current file is: 85
Current file is: 86
Current file is: 87
Current file is: 88
Current file is: 89
Current file is: 90
Current file is: 91
Current file is: 92
Current file is: 93
Current file is: 94
Current file is: 95
Current file is: 96
Current file is: 0
Current file is: 1
Current file is: 2
Current file is: 3
Current file is: 4
Current file is: 5
Current file is: 6
Current file is: 7
Current file is: 8
Current file is: 9
Current file is: 10
Current file is: 11
Current file is: 12
Current file is: 13
Current file is: 14
Current file is: 15
Current file is: 16
Current file is: 17
Current file is: 18
Current file is: 19
Current file is: 20
Current file is: 21
Current file is: 22
Current file is: 23
Current file is: 24
Current file is: 25
Current file is: 26
Current file is: 27
Current file is: 28
Current file is: 29
Current file is: 30
Current file is: 31
Current file is: 32
Current file is: 33
Current file is: 34
Current file is: 35
Current file is: 36
Current file is: 37
Current file is: 38
Current file is: 39
Current file is: 40
Current file is: 41
Current file is: 42
Current file is: 43
Current file is: 44
Current file is: 45
Current file is: 46
Current file is: 47
Current file is: 48
Current file is: 49
Current file is: 50
Current file is: 51
Current file is: 52
Current file is: 53
Current file is: 54
Current file is: 55
Current file is: 56
Current file is: 57
Current file is: 58
Current file is: 59
Current file is: 60
Current file is: 61
Current file is: 62
Current file is: 63
Current file is: 64
 - 3438s - loss: 10.3434 - acc: 0.0355 - val_loss: 9.4314 - val_acc: 0.0100
Epoch 8/10
Current file is: 65
Current file is: 66
Current file is: 67
Current file is: 68
Current file is: 69
Current file is: 70
Current file is: 71
Current file is: 72
Current file is: 73
Current file is: 74
Current file is: 75
Current file is: 76
Current file is: 77
Current file is: 78
Current file is: 79
Current file is: 80
Current file is: 81
Current file is: 82
Current file is: 83
Current file is: 84
Current file is: 85
Current file is: 86
Current file is: 87
Current file is: 88
Current file is: 89
Current file is: 90
Current file is: 91
Current file is: 92
Current file is: 93
Current file is: 94
Current file is: 95
Current file is: 96
Current file is: 0
Current file is: 1
Current file is: 2
Current file is: 3
Current file is: 4
Current file is: 5
Current file is: 6
Current file is: 7
Current file is: 8
Current file is: 9
Current file is: 10
Current file is: 11
Current file is: 12
Current file is: 13
Current file is: 14
Current file is: 15
Current file is: 16
Current file is: 17
Current file is: 18
Current file is: 19
Current file is: 20
Current file is: 21
Current file is: 22
Current file is: 23
Current file is: 24
Current file is: 25
Current file is: 26
Current file is: 27
Current file is: 28
Current file is: 29
Current file is: 30
Current file is: 31
Current file is: 32
Current file is: 33
Current file is: 34
Current file is: 35
Current file is: 36
Current file is: 37
Current file is: 38
Current file is: 39
Current file is: 40
Current file is: 41
Current file is: 42
Current file is: 43
Current file is: 44
Current file is: 45
Current file is: 46
Current file is: 47
Current file is: 48
Current file is: 49
Current file is: 50
Current file is: 51
Current file is: 52
Current file is: 53
Current file is: 54
Current file is: 55
Current file is: 56
Current file is: 57
Current file is: 58
Current file is: 59
Current file is: 60
 - 3435s - loss: 10.3429 - acc: 0.0355 - val_loss: 9.4657 - val_acc: 0.0103
Epoch 9/10
Current file is: 61
Current file is: 62
Current file is: 63
Current file is: 64
Current file is: 65
Current file is: 66
Current file is: 67
Current file is: 68
Current file is: 69
Current file is: 70
Current file is: 71
Current file is: 72
Current file is: 73
Current file is: 74
Current file is: 75
Current file is: 76
Current file is: 77
Current file is: 78
Current file is: 79
Current file is: 80
Current file is: 81
Current file is: 82
Current file is: 83
Current file is: 84
Current file is: 85
Current file is: 86
Current file is: 87
Current file is: 88
Current file is: 89
Current file is: 90
Current file is: 91
Current file is: 92
Current file is: 93
Current file is: 94
Current file is: 95
Current file is: 96
Current file is: 0
Current file is: 1
Current file is: 2
Current file is: 3
Current file is: 4
Current file is: 5
Current file is: 6
Current file is: 7
Current file is: 8
Current file is: 9
Current file is: 10
Current file is: 11
Current file is: 12
Current file is: 13
Current file is: 14
Current file is: 15
Current file is: 16
Current file is: 17
Current file is: 18
Current file is: 19
Current file is: 20
Current file is: 21
Current file is: 22
Current file is: 23
Current file is: 24
Current file is: 25
Current file is: 26
Current file is: 27
Current file is: 28
Current file is: 29
Current file is: 30
Current file is: 31
Current file is: 32
Current file is: 33
Current file is: 34
Current file is: 35
Current file is: 36
Current file is: 37
Current file is: 38
Current file is: 39
Current file is: 40
Current file is: 41
Current file is: 42
Current file is: 43
Current file is: 44
Current file is: 45
Current file is: 46
Current file is: 47
Current file is: 48
Current file is: 49
Current file is: 50
Current file is: 51
Current file is: 52
Current file is: 53
Current file is: 54
Current file is: 55
 - 3433s - loss: 10.3438 - acc: 0.0355 - val_loss: 9.4303 - val_acc: 0.0102
Epoch 10/10
Current file is: 56
Current file is: 57
Current file is: 58
Current file is: 59
Current file is: 60
Current file is: 61
Current file is: 62
Current file is: 63
Current file is: 64
Current file is: 65
Current file is: 66
Current file is: 67
Current file is: 68
Current file is: 69
Current file is: 70
Current file is: 71
Current file is: 72
Current file is: 73
Current file is: 74
Current file is: 75
Current file is: 76
Current file is: 77
Current file is: 78
Current file is: 79
Current file is: 80
Current file is: 81
Current file is: 82
Current file is: 83
Current file is: 84
Current file is: 85
Current file is: 86
Current file is: 87
Current file is: 88
Current file is: 89
Current file is: 90
Current file is: 91
Current file is: 92
Current file is: 93
Current file is: 94
Current file is: 95
Current file is: 96
Current file is: 0
Current file is: 1
Current file is: 2
Current file is: 3
Current file is: 4
Current file is: 5
Current file is: 6
Current file is: 7
Current file is: 8
Current file is: 9
Current file is: 10
Current file is: 11
Current file is: 12
Current file is: 13
Current file is: 14
Current file is: 15
Current file is: 16
Current file is: 17
Current file is: 18
Current file is: 19
Current file is: 20
Current file is: 21
Current file is: 22
Current file is: 23
Current file is: 24
Current file is: 25
Current file is: 26
Current file is: 27
Current file is: 28
Current file is: 29
Current file is: 30
Current file is: 31
Current file is: 32
Current file is: 33
Current file is: 34
Current file is: 35
Current file is: 36
Current file is: 37
Current file is: 38
Current file is: 39
Current file is: 40
Current file is: 41
Current file is: 42
Current file is: 43
Current file is: 44
Current file is: 45
Current file is: 46
Current file is: 47
Current file is: 48
Current file is: 49
Current file is: 50
 - 3434s - loss: 10.3426 - acc: 0.0355 - val_loss: 9.4313 - val_acc: 0.0101
__________________________________________________________________________________________________
Layer (type)                    Output Shape         Param #     Connected to                     
==================================================================================================
input_4 (InputLayer)            (None, 5)            0                                            
__________________________________________________________________________________________________
input_3 (InputLayer)            (1, 1, 1)            0                                            
__________________________________________________________________________________________________
dense_4 (Dense)                 (None, 50)           300         input_4[0][0]                    
__________________________________________________________________________________________________
cu_dnnlstm_2 (CuDNNLSTM)        (1, 1, 100)          41200       input_3[0][0]                    
__________________________________________________________________________________________________
dense_5 (Dense)                 (None, 100)          5100        dense_4[0][0]                    
__________________________________________________________________________________________________
cu_dnnlstm_3 (CuDNNLSTM)        (1, 100)             80800       cu_dnnlstm_2[0][0]               
__________________________________________________________________________________________________
embedding_layer (Dense)         (None, 10002)        1010202     dense_5[0][0]                    
__________________________________________________________________________________________________
dense_3 (Dense)                 (1, 10002)           1010202     cu_dnnlstm_3[0][0]               
__________________________________________________________________________________________________
lambda_1 (Lambda)               (None, 10002)        0           embedding_layer[0][0]            
__________________________________________________________________________________________________
add_1 (Add)                     (None, 10002)        0           dense_3[0][0]                    
                                                                 lambda_1[0][0]                   
==================================================================================================
Total params: 2,147,804
Trainable params: 1,137,602
Non-trainable params: 1,010,202
__________________________________________________________________________________________________
